<?xml version="1.0" encoding="UTF-8"?>
<!-- Generated by org.testng.reporters.JUnitReportReporter -->
<testsuite hostname="DESKTOP-O4EF93O" failures="0" tests="1" name="basicRestAssured.PostRequest" time="5.051" errors="0" timestamp="2023-04-09T22:57:53 IST" skipped="0">
  <testcase classname="basicRestAssured.PostRequest" name="ByusingExtrnalJfile" time="5.051"/>
  <system-out/>
</testsuite> <!-- basicRestAssured.PostRequest -->
