<?xml version="1.0" encoding="UTF-8"?>
<!-- Generated by org.testng.reporters.JUnitReportReporter -->
<testsuite hostname="DESKTOP-O4EF93O" failures="0" tests="2" name="cookies_Headers.Header" time="5.050" errors="0" timestamp="2023-04-14T15:15:30 IST" skipped="0">
  <testcase classname="cookies_Headers.Header" name="getCookies" time="3.965"/>
  <system-out/>
  <testcase classname="cookies_Headers.Header" name="header" time="1.085"/>
  <system-out/>
</testsuite> <!-- cookies_Headers.Header -->
