<?xml version="1.0" encoding="UTF-8"?>
<!-- Generated by org.testng.reporters.JUnitReportReporter -->
<testsuite hostname="DESKTOP-O4EF93O" failures="0" tests="1" name="cookies_Headers.Cookies" time="4.100" errors="0" timestamp="2023-04-14T14:04:56 IST" skipped="0">
  <testcase classname="cookies_Headers.Cookies" name="cookies" time="4.100"/>
  <system-out/>
</testsuite> <!-- cookies_Headers.Cookies -->
