<?xml version="1.0" encoding="UTF-8"?>
<!-- Generated by org.testng.reporters.JUnitReportReporter -->
<testsuite hostname="DESKTOP-O4EF93O" failures="0" tests="1" name="jsonSchema_validation.Json_Scemavalid" time="4.498" errors="0" timestamp="2023-04-17T22:35:49 IST" skipped="0">
  <testcase classname="jsonSchema_validation.Json_Scemavalid" name="validatioin" time="4.498"/>
  <system-out/>
</testsuite> <!-- jsonSchema_validation.Json_Scemavalid -->
