<?xml version="1.0" encoding="UTF-8"?>
<!-- Generated by org.testng.reporters.JUnitReportReporter -->
<testsuite hostname="DESKTOP-O4EF93O" failures="0" tests="1" name="cookies_Headers.Set_query_paramtr" time="4.055" errors="0" timestamp="2023-04-14T12:53:53 IST" skipped="0">
  <testcase classname="cookies_Headers.Set_query_paramtr" name="set_queryP" time="4.055"/>
  <system-out/>
</testsuite> <!-- cookies_Headers.Set_query_paramtr -->
