<?xml version="1.0" encoding="UTF-8"?>
<!-- Generated by org.testng.reporters.JUnitReportReporter -->
<testsuite hostname="DESKTOP-O4EF93O" failures="0" tests="2" name="parsing_jsonData.Parsing_Jdata" time="3.677" errors="0" timestamp="2023-04-16T13:40:28 IST" skipped="0">
  <testcase classname="parsing_jsonData.Parsing_Jdata" name="respnce" time="1.104"/>
  <system-out/>
  <testcase classname="parsing_jsonData.Parsing_Jdata" name="jObject" time="2.573"/>
  <system-out/>
</testsuite> <!-- parsing_jsonData.Parsing_Jdata -->
