<?xml version="1.0" encoding="UTF-8"?>
<!-- Generated by org.testng.reporters.JUnitReportReporter -->
<testsuite hostname="DESKTOP-O4EF93O" failures="0" tests="3" name="parsing_xml_data.PasrsingXML_data" time="8.376" errors="0" timestamp="2023-04-17T22:20:41 IST" skipped="0">
  <testcase classname="parsing_xml_data.PasrsingXML_data" name="xml_path" time="1.043"/>
  <system-out/>
  <testcase classname="parsing_xml_data.PasrsingXML_data" name="xml_response" time="1.425"/>
  <system-out/>
  <testcase classname="parsing_xml_data.PasrsingXML_data" name="Xml_data" time="5.908"/>
  <system-out/>
</testsuite> <!-- parsing_xml_data.PasrsingXML_data -->
